zxing_scan/build/outputs/logs/manifest-merger-debug-report.txt
-- Merging decision tree log ---
manifest
ADDED from src/main/AndroidManifest.xml:17:1-180:12
	package
		ADDED from src/main/AndroidManifest.xml:18:11-52
		INJECTED from src/main/AndroidManifest.xml
		INJECTED from src/main/AndroidManifest.xml
	android:versionName
		ADDED from src/main/AndroidManifest.xml:19:11-38
		INJECTED from src/main/AndroidManifest.xml
		INJECTED from src/main/AndroidManifest.xml
	android:versionCode
		ADDED from src/main/AndroidManifest.xml:20:11-35
		INJECTED from src/main/AndroidManifest.xml
		INJECTED from src/main/AndroidManifest.xml
	xmlns:android
		ADDED from src/main/AndroidManifest.xml:17:11-69
	android:installLocation
		ADDED from src/main/AndroidManifest.xml:21:11-41
uses-permission#android.permission.CAMERA
ADDED from src/main/AndroidManifest.xml:23:3-62
	android:name
		ADDED from src/main/AndroidManifest.xml:23:20-60
uses-permission#android.permission.INTERNET
ADDED from src/main/AndroidManifest.xml:24:3-64
	android:name
		ADDED from src/main/AndroidManifest.xml:24:20-62
uses-permission#android.permission.VIBRATE
ADDED from src/main/AndroidManifest.xml:25:3-63
	android:name
		ADDED from src/main/AndroidManifest.xml:25:20-61
uses-permission#android.permission.FLASHLIGHT
ADDED from src/main/AndroidManifest.xml:26:3-66
	android:name
		ADDED from src/main/AndroidManifest.xml:26:20-64
uses-permission#android.permission.READ_CONTACTS
ADDED from src/main/AndroidManifest.xml:27:3-69
	android:name
		ADDED from src/main/AndroidManifest.xml:27:20-67
uses-permission#com.android.browser.permission.READ_HISTORY_BOOKMARKS
ADDED from src/main/AndroidManifest.xml:28:3-90
	android:name
		ADDED from src/main/AndroidManifest.xml:28:20-88
uses-permission#android.permission.WRITE_EXTERNAL_STORAGE
ADDED from src/main/AndroidManifest.xml:29:3-78
	android:name
		ADDED from src/main/AndroidManifest.xml:29:20-76
uses-permission#android.permission.CHANGE_WIFI_STATE
ADDED from src/main/AndroidManifest.xml:30:3-73
	android:name
		ADDED from src/main/AndroidManifest.xml:30:20-71
uses-permission#android.permission.ACCESS_WIFI_STATE
ADDED from src/main/AndroidManifest.xml:31:3-73
	android:name
		ADDED from src/main/AndroidManifest.xml:31:20-71
uses-sdk
ADDED from src/main/AndroidManifest.xml:33:3-70
	android:targetSdkVersion
		ADDED from src/main/AndroidManifest.xml:33:39-68
		INJECTED from src/main/AndroidManifest.xml
		INJECTED from src/main/AndroidManifest.xml
	android:minSdkVersion
		ADDED from src/main/AndroidManifest.xml:33:13-38
		INJECTED from src/main/AndroidManifest.xml
		INJECTED from src/main/AndroidManifest.xml
uses-feature#android.hardware.camera
ADDED from src/main/AndroidManifest.xml:36:3-82
	android:required
		ADDED from src/main/AndroidManifest.xml:36:56-80
	android:name
		ADDED from src/main/AndroidManifest.xml:36:17-55
uses-feature#android.hardware.camera.front
ADDED from src/main/AndroidManifest.xml:37:3-88
	android:required
		ADDED from src/main/AndroidManifest.xml:37:62-86
	android:name
		ADDED from src/main/AndroidManifest.xml:37:17-61
uses-feature#android.hardware.camera.autofocus
ADDED from src/main/AndroidManifest.xml:40:3-92
	android:required
		ADDED from src/main/AndroidManifest.xml:40:66-90
	android:name
		ADDED from src/main/AndroidManifest.xml:40:17-65
uses-feature#android.hardware.camera.flash
ADDED from src/main/AndroidManifest.xml:41:3-88
	android:required
		ADDED from src/main/AndroidManifest.xml:41:62-86
	android:name
		ADDED from src/main/AndroidManifest.xml:41:17-61
uses-feature#android.hardware.screen.landscape
ADDED from src/main/AndroidManifest.xml:42:3-67
	android:name
		ADDED from src/main/AndroidManifest.xml:42:17-65
uses-feature#android.hardware.wifi
ADDED from src/main/AndroidManifest.xml:43:3-80
	android:required
		ADDED from src/main/AndroidManifest.xml:43:54-78
	android:name
		ADDED from src/main/AndroidManifest.xml:43:17-53
uses-feature#android.hardware.touchscreen
ADDED from src/main/AndroidManifest.xml:45:3-62
	android:name
		ADDED from src/main/AndroidManifest.xml:45:17-60
supports-screens
ADDED from src/main/AndroidManifest.xml:49:3-53:48
	android:largeScreens
		ADDED from src/main/AndroidManifest.xml:50:21-48
	android:smallScreens
		ADDED from src/main/AndroidManifest.xml:52:21-48
	android:normalScreens
		ADDED from src/main/AndroidManifest.xml:51:21-49
	android:xlargeScreens
		ADDED from src/main/AndroidManifest.xml:49:21-49
	android:anyDensity
		ADDED from src/main/AndroidManifest.xml:53:21-46
application
ADDED from src/main/AndroidManifest.xml:55:3-178:17
	android:label
		ADDED from src/main/AndroidManifest.xml:57:16-48
	android:hardwareAccelerated
		ADDED from src/main/AndroidManifest.xml:58:16-50
	android:allowBackup
		ADDED from src/main/AndroidManifest.xml:59:16-42
	android:icon
		ADDED from src/main/AndroidManifest.xml:55:16-54
	android:logo
		ADDED from src/main/AndroidManifest.xml:56:16-54
activity#com.google.zxing.client.android.CaptureActivity
ADDED from src/main/AndroidManifest.xml:60:5-103:16
	android:clearTaskOnLaunch
		ADDED from src/main/AndroidManifest.xml:62:15-47
	android:screenOrientation
		ADDED from src/main/AndroidManifest.xml:61:15-52
	android:stateNotNeeded
		ADDED from src/main/AndroidManifest.xml:63:15-44
	android:windowSoftInputMode
		ADDED from src/main/AndroidManifest.xml:66:15-62
	android:configChanges
		ADDED from src/main/AndroidManifest.xml:64:15-65
	android:theme
		ADDED from src/main/AndroidManifest.xml:65:15-73
	android:name
		ADDED from src/main/AndroidManifest.xml:60:15-46
intent-filter#android.intent.action.MAIN+android.intent.category.LAUNCHER
ADDED from src/main/AndroidManifest.xml:67:7-70:23
action#android.intent.action.MAIN
ADDED from src/main/AndroidManifest.xml:68:9-60
	android:name
		ADDED from src/main/AndroidManifest.xml:68:17-58
category#android.intent.category.LAUNCHER
ADDED from src/main/AndroidManifest.xml:69:9-68
	android:name
		ADDED from src/main/AndroidManifest.xml:69:19-66
intent-filter#android.intent.category.DEFAULT+com.google.zxing.client.android.SCAN
ADDED from src/main/AndroidManifest.xml:71:7-74:23
action#com.google.zxing.client.android.SCAN
ADDED from src/main/AndroidManifest.xml:72:9-70
	android:name
		ADDED from src/main/AndroidManifest.xml:72:17-68
category#android.intent.category.DEFAULT
ADDED from src/main/AndroidManifest.xml:73:9-67
	android:name
		ADDED from src/main/AndroidManifest.xml:73:19-65
intent-filter#android.intent.action.VIEW+android.intent.category.BROWSABLE+android.intent.category.DEFAULT
ADDED from src/main/AndroidManifest.xml:76:7-81:23
action#android.intent.action.VIEW
ADDED from src/main/AndroidManifest.xml:77:9-60
	android:name
		ADDED from src/main/AndroidManifest.xml:77:17-58
category#android.intent.category.BROWSABLE
ADDED from src/main/AndroidManifest.xml:79:9-69
	android:name
		ADDED from src/main/AndroidManifest.xml:79:19-67
data
ADDED from src/main/AndroidManifest.xml:80:9-92
	android:path
		ADDED from src/main/AndroidManifest.xml:80:70-90
	android:host
		ADDED from src/main/AndroidManifest.xml:80:37-69
	android:scheme
		ADDED from src/main/AndroidManifest.xml:80:15-36
activity#com.google.zxing.client.android.PreferencesActivity
ADDED from src/main/AndroidManifest.xml:104:5-107:16
	android:label
		ADDED from src/main/AndroidManifest.xml:105:15-55
	android:stateNotNeeded
		ADDED from src/main/AndroidManifest.xml:106:15-44
	android:name
		ADDED from src/main/AndroidManifest.xml:104:15-50
activity#com.google.zxing.client.android.encode.EncodeActivity
ADDED from src/main/AndroidManifest.xml:108:5-126:16
	android:stateNotNeeded
		ADDED from src/main/AndroidManifest.xml:109:15-44
	android:name
		ADDED from src/main/AndroidManifest.xml:108:15-52
intent-filter#android.intent.category.DEFAULT+com.google.zxing.client.android.ENCODE
ADDED from src/main/AndroidManifest.xml:110:7-113:23
action#com.google.zxing.client.android.ENCODE
ADDED from src/main/AndroidManifest.xml:111:9-72
	android:name
		ADDED from src/main/AndroidManifest.xml:111:17-70
intent-filter#android.intent.action.SEND+android.intent.category.DEFAULT
ADDED from src/main/AndroidManifest.xml:115:7-119:23
action#android.intent.action.SEND
ADDED from src/main/AndroidManifest.xml:116:9-60
	android:name
		ADDED from src/main/AndroidManifest.xml:116:17-58
activity#com.google.zxing.client.android.book.SearchBookContentsActivity
ADDED from src/main/AndroidManifest.xml:127:5-136:16
	android:screenOrientation
		ADDED from src/main/AndroidManifest.xml:130:15-52
	android:label
		ADDED from src/main/AndroidManifest.xml:128:15-47
	android:stateNotNeeded
		ADDED from src/main/AndroidManifest.xml:129:15-44
	android:configChanges
		ADDED from src/main/AndroidManifest.xml:131:15-65
	android:name
		ADDED from src/main/AndroidManifest.xml:127:15-62
intent-filter#android.intent.category.DEFAULT+com.google.zxing.client.android.SEARCH_BOOK_CONTENTS
ADDED from src/main/AndroidManifest.xml:132:7-135:23
action#com.google.zxing.client.android.SEARCH_BOOK_CONTENTS
ADDED from src/main/AndroidManifest.xml:133:9-86
	android:name
		ADDED from src/main/AndroidManifest.xml:133:17-84
activity#com.google.zxing.client.android.share.ShareActivity
ADDED from src/main/AndroidManifest.xml:137:5-145:16
	android:screenOrientation
		ADDED from src/main/AndroidManifest.xml:139:15-47
	android:stateNotNeeded
		ADDED from src/main/AndroidManifest.xml:138:15-44
	android:theme
		ADDED from src/main/AndroidManifest.xml:140:15-57
	android:name
		ADDED from src/main/AndroidManifest.xml:137:15-50
intent-filter#android.intent.category.DEFAULT+com.google.zxing.client.android.SHARE
ADDED from src/main/AndroidManifest.xml:141:7-144:23
action#com.google.zxing.client.android.SHARE
ADDED from src/main/AndroidManifest.xml:142:9-71
	android:name
		ADDED from src/main/AndroidManifest.xml:142:17-69
activity#com.google.zxing.client.android.history.HistoryActivity
ADDED from src/main/AndroidManifest.xml:146:5-153:16
	android:label
		ADDED from src/main/AndroidManifest.xml:147:15-52
	android:stateNotNeeded
		ADDED from src/main/AndroidManifest.xml:148:15-44
	android:name
		ADDED from src/main/AndroidManifest.xml:146:15-54
intent-filter#android.intent.action.VIEW+android.intent.category.DEFAULT
ADDED from src/main/AndroidManifest.xml:149:7-152:23
activity#com.google.zxing.client.android.share.BookmarkPickerActivity
ADDED from src/main/AndroidManifest.xml:154:5-161:16
	android:label
		ADDED from src/main/AndroidManifest.xml:155:15-59
	android:stateNotNeeded
		ADDED from src/main/AndroidManifest.xml:156:15-44
	android:name
		ADDED from src/main/AndroidManifest.xml:154:15-59
intent-filter#android.intent.action.PICK+android.intent.category.DEFAULT
ADDED from src/main/AndroidManifest.xml:157:7-160:23
action#android.intent.action.PICK
ADDED from src/main/AndroidManifest.xml:158:9-60
	android:name
		ADDED from src/main/AndroidManifest.xml:158:17-58
activity#com.google.zxing.client.android.share.AppPickerActivity
ADDED from src/main/AndroidManifest.xml:162:5-170:16
	android:label
		ADDED from src/main/AndroidManifest.xml:163:15-54
	android:stateNotNeeded
		ADDED from src/main/AndroidManifest.xml:164:15-44
	android:configChanges
		ADDED from src/main/AndroidManifest.xml:165:15-50
	android:name
		ADDED from src/main/AndroidManifest.xml:162:15-54
activity#com.google.zxing.client.android.HelpActivity
ADDED from src/main/AndroidManifest.xml:171:5-177:16
	android:screenOrientation
		ADDED from src/main/AndroidManifest.xml:172:15-47
	android:name
		ADDED from src/main/AndroidManifest.xml:171:15-43